2021-03-12T07:10:49+00:00 CRITICAL Uncaught Error: Call to a member function is_on_sale() on null in E:\xamp\htdocs\wocommerceevegetables\wp-content\themes\ecom\woocommerce\single-product\sale-flash.php:26
Stack trace:
#0 E:\xamp\htdocs\wocommerceevegetables\wp-content\plugins\woocommerce\includes\wc-core-functions.php(251): include()
#1 E:\xamp\htdocs\wocommerceevegetables\wp-content\plugins\woocommerce\includes\wc-template-functions.php(1565): wc_get_template('single-product/...')
#2 E:\xamp\htdocs\wocommerceevegetables\wp-includes\class-wp-hook.php(287): woocommerce_show_product_sale_flash('')
#3 E:\xamp\htdocs\wocommerceevegetables\wp-includes\class-wp-hook.php(311): WP_Hook->apply_filters('', Array)
#4 E:\xamp\htdocs\wocommerceevegetables\wp-includes\plugin.php(478): WP_Hook->do_action(Array)
#5 E:\xamp\htdocs\wocommerceevegetables\wp-content\themes\ecom\woocommerce\content-single-product.php(41): do_action('woocommerce_bef...')
#6 E:\xamp\htdocs\wocommerceevegetables\wp-includes\template.php(725): require('E:\\xamp\\htdocs\\...')
#7 E:\x in E:\xamp\htdocs\wocommerceevegetables\wp-content\themes\ecom\woocommerce\single-product\sale-flash.php on line 26

2021-03-12T07:26:56+00:00 CRITICAL Uncaught Error: Call to undefined function wtgal_get_gallery_dropdown() in E:\xamp\htdocs\wocommerceevegetables\wp-content\plugins\we-gallery-develop\includes\views\shortcode-builder.php:11
Stack trace:
#0 E:\xamp\htdocs\wocommerceevegetables\wp-content\plugins\we-gallery-develop\includes\class-admin-editor.php(89): include()
#1 E:\xamp\htdocs\wocommerceevegetables\wp-includes\class-wp-hook.php(287): We_Gallery_Admin_Editor->media_thickbox_content('')
#2 E:\xamp\htdocs\wocommerceevegetables\wp-includes\class-wp-hook.php(311): WP_Hook->apply_filters(NULL, Array)
#3 E:\xamp\htdocs\wocommerceevegetables\wp-includes\plugin.php(478): WP_Hook->do_action(Array)
#4 E:\xamp\htdocs\wocommerceevegetables\wp-admin\admin-footer.php(78): do_action('admin_footer', '')
#5 E:\xamp\htdocs\wocommerceevegetables\wp-admin\post.php(362): require_once('E:\\xamp\\htdocs\\...')
#6 {main}
  thrown in E:\xamp\htdocs\wocommerceevegetables\wp-content\plugins\we-gallery-develop\includes\views\shortcode-builder.php on line 11

2021-03-12T07:27:22+00:00 CRITICAL Uncaught Error: Call to undefined function wtgal_get_gallery_dropdown() in E:\xamp\htdocs\wocommerceevegetables\wp-content\plugins\we-gallery-develop\includes\views\shortcode-builder.php:11
Stack trace:
#0 E:\xamp\htdocs\wocommerceevegetables\wp-content\plugins\we-gallery-develop\includes\class-admin-editor.php(89): include()
#1 E:\xamp\htdocs\wocommerceevegetables\wp-includes\class-wp-hook.php(287): We_Gallery_Admin_Editor->media_thickbox_content('')
#2 E:\xamp\htdocs\wocommerceevegetables\wp-includes\class-wp-hook.php(311): WP_Hook->apply_filters(NULL, Array)
#3 E:\xamp\htdocs\wocommerceevegetables\wp-includes\plugin.php(478): WP_Hook->do_action(Array)
#4 E:\xamp\htdocs\wocommerceevegetables\wp-admin\admin-footer.php(78): do_action('admin_footer', '')
#5 E:\xamp\htdocs\wocommerceevegetables\wp-admin\post.php(362): require_once('E:\\xamp\\htdocs\\...')
#6 {main}
  thrown in E:\xamp\htdocs\wocommerceevegetables\wp-content\plugins\we-gallery-develop\includes\views\shortcode-builder.php on line 11

2021-03-12T07:27:33+00:00 CRITICAL Uncaught Error: Call to undefined function wtgal_get_gallery_dropdown() in E:\xamp\htdocs\wocommerceevegetables\wp-content\plugins\we-gallery-develop\includes\views\shortcode-builder.php:11
Stack trace:
#0 E:\xamp\htdocs\wocommerceevegetables\wp-content\plugins\we-gallery-develop\includes\class-admin-editor.php(89): include()
#1 E:\xamp\htdocs\wocommerceevegetables\wp-includes\class-wp-hook.php(287): We_Gallery_Admin_Editor->media_thickbox_content('')
#2 E:\xamp\htdocs\wocommerceevegetables\wp-includes\class-wp-hook.php(311): WP_Hook->apply_filters(NULL, Array)
#3 E:\xamp\htdocs\wocommerceevegetables\wp-includes\plugin.php(478): WP_Hook->do_action(Array)
#4 E:\xamp\htdocs\wocommerceevegetables\wp-admin\admin-footer.php(78): do_action('admin_footer', '')
#5 E:\xamp\htdocs\wocommerceevegetables\wp-admin\post.php(362): require_once('E:\\xamp\\htdocs\\...')
#6 {main}
  thrown in E:\xamp\htdocs\wocommerceevegetables\wp-content\plugins\we-gallery-develop\includes\views\shortcode-builder.php on line 11

2021-03-12T07:28:20+00:00 CRITICAL Uncaught Error: Call to undefined function wtgal_get_gallery_dropdown() in E:\xamp\htdocs\wocommerceevegetables\wp-content\plugins\we-gallery-develop\includes\views\shortcode-builder.php:11
Stack trace:
#0 E:\xamp\htdocs\wocommerceevegetables\wp-content\plugins\we-gallery-develop\includes\class-admin-editor.php(89): include()
#1 E:\xamp\htdocs\wocommerceevegetables\wp-includes\class-wp-hook.php(287): We_Gallery_Admin_Editor->media_thickbox_content('')
#2 E:\xamp\htdocs\wocommerceevegetables\wp-includes\class-wp-hook.php(311): WP_Hook->apply_filters(NULL, Array)
#3 E:\xamp\htdocs\wocommerceevegetables\wp-includes\plugin.php(478): WP_Hook->do_action(Array)
#4 E:\xamp\htdocs\wocommerceevegetables\wp-admin\admin-footer.php(78): do_action('admin_footer', '')
#5 E:\xamp\htdocs\wocommerceevegetables\wp-admin\post.php(362): require_once('E:\\xamp\\htdocs\\...')
#6 {main}
  thrown in E:\xamp\htdocs\wocommerceevegetables\wp-content\plugins\we-gallery-develop\includes\views\shortcode-builder.php on line 11

2021-03-12T07:28:46+00:00 CRITICAL Uncaught Error: Call to undefined function wtgal_get_gallery_dropdown() in E:\xamp\htdocs\wocommerceevegetables\wp-content\plugins\we-gallery-develop\includes\views\shortcode-builder.php:11
Stack trace:
#0 E:\xamp\htdocs\wocommerceevegetables\wp-content\plugins\we-gallery-develop\includes\class-admin-editor.php(89): include()
#1 E:\xamp\htdocs\wocommerceevegetables\wp-includes\class-wp-hook.php(287): We_Gallery_Admin_Editor->media_thickbox_content('')
#2 E:\xamp\htdocs\wocommerceevegetables\wp-includes\class-wp-hook.php(311): WP_Hook->apply_filters(NULL, Array)
#3 E:\xamp\htdocs\wocommerceevegetables\wp-includes\plugin.php(478): WP_Hook->do_action(Array)
#4 E:\xamp\htdocs\wocommerceevegetables\wp-admin\admin-footer.php(78): do_action('admin_footer', '')
#5 E:\xamp\htdocs\wocommerceevegetables\wp-admin\post.php(362): require_once('E:\\xamp\\htdocs\\...')
#6 {main}
  thrown in E:\xamp\htdocs\wocommerceevegetables\wp-content\plugins\we-gallery-develop\includes\views\shortcode-builder.php on line 11

2021-03-12T07:29:42+00:00 CRITICAL Uncaught Error: Call to undefined function wtgal_get_gallery_dropdown() in E:\xamp\htdocs\wocommerceevegetables\wp-content\plugins\we-gallery-develop\includes\views\shortcode-builder.php:11
Stack trace:
#0 E:\xamp\htdocs\wocommerceevegetables\wp-content\plugins\we-gallery-develop\includes\class-admin-editor.php(89): include()
#1 E:\xamp\htdocs\wocommerceevegetables\wp-includes\class-wp-hook.php(287): We_Gallery_Admin_Editor->media_thickbox_content('')
#2 E:\xamp\htdocs\wocommerceevegetables\wp-includes\class-wp-hook.php(311): WP_Hook->apply_filters(NULL, Array)
#3 E:\xamp\htdocs\wocommerceevegetables\wp-includes\plugin.php(478): WP_Hook->do_action(Array)
#4 E:\xamp\htdocs\wocommerceevegetables\wp-admin\admin-footer.php(78): do_action('admin_footer', '')
#5 E:\xamp\htdocs\wocommerceevegetables\wp-admin\post.php(362): require_once('E:\\xamp\\htdocs\\...')
#6 {main}
  thrown in E:\xamp\htdocs\wocommerceevegetables\wp-content\plugins\we-gallery-develop\includes\views\shortcode-builder.php on line 11

2021-03-12T07:29:59+00:00 CRITICAL Uncaught Error: Call to undefined function wtgal_get_gallery_dropdown() in E:\xamp\htdocs\wocommerceevegetables\wp-content\plugins\we-gallery-develop\includes\views\shortcode-builder.php:11
Stack trace:
#0 E:\xamp\htdocs\wocommerceevegetables\wp-content\plugins\we-gallery-develop\includes\class-admin-editor.php(89): include()
#1 E:\xamp\htdocs\wocommerceevegetables\wp-includes\class-wp-hook.php(287): We_Gallery_Admin_Editor->media_thickbox_content('')
#2 E:\xamp\htdocs\wocommerceevegetables\wp-includes\class-wp-hook.php(311): WP_Hook->apply_filters(NULL, Array)
#3 E:\xamp\htdocs\wocommerceevegetables\wp-includes\plugin.php(478): WP_Hook->do_action(Array)
#4 E:\xamp\htdocs\wocommerceevegetables\wp-admin\admin-footer.php(78): do_action('admin_footer', '')
#5 E:\xamp\htdocs\wocommerceevegetables\wp-admin\post.php(362): require_once('E:\\xamp\\htdocs\\...')
#6 {main}
  thrown in E:\xamp\htdocs\wocommerceevegetables\wp-content\plugins\we-gallery-develop\includes\views\shortcode-builder.php on line 11

2021-03-12T07:30:07+00:00 CRITICAL Uncaught Error: Call to undefined function wtgal_get_gallery_dropdown() in E:\xamp\htdocs\wocommerceevegetables\wp-content\plugins\we-gallery-develop\includes\views\shortcode-builder.php:11
Stack trace:
#0 E:\xamp\htdocs\wocommerceevegetables\wp-content\plugins\we-gallery-develop\includes\class-admin-editor.php(89): include()
#1 E:\xamp\htdocs\wocommerceevegetables\wp-includes\class-wp-hook.php(287): We_Gallery_Admin_Editor->media_thickbox_content('')
#2 E:\xamp\htdocs\wocommerceevegetables\wp-includes\class-wp-hook.php(311): WP_Hook->apply_filters(NULL, Array)
#3 E:\xamp\htdocs\wocommerceevegetables\wp-includes\plugin.php(478): WP_Hook->do_action(Array)
#4 E:\xamp\htdocs\wocommerceevegetables\wp-admin\admin-footer.php(78): do_action('admin_footer', '')
#5 E:\xamp\htdocs\wocommerceevegetables\wp-admin\post.php(362): require_once('E:\\xamp\\htdocs\\...')
#6 {main}
  thrown in E:\xamp\htdocs\wocommerceevegetables\wp-content\plugins\we-gallery-develop\includes\views\shortcode-builder.php on line 11

2021-03-12T07:30:14+00:00 CRITICAL Uncaught Error: Call to undefined function wtgal_get_gallery_dropdown() in E:\xamp\htdocs\wocommerceevegetables\wp-content\plugins\we-gallery-develop\includes\views\shortcode-builder.php:11
Stack trace:
#0 E:\xamp\htdocs\wocommerceevegetables\wp-content\plugins\we-gallery-develop\includes\class-admin-editor.php(89): include()
#1 E:\xamp\htdocs\wocommerceevegetables\wp-includes\class-wp-hook.php(287): We_Gallery_Admin_Editor->media_thickbox_content('')
#2 E:\xamp\htdocs\wocommerceevegetables\wp-includes\class-wp-hook.php(311): WP_Hook->apply_filters(NULL, Array)
#3 E:\xamp\htdocs\wocommerceevegetables\wp-includes\plugin.php(478): WP_Hook->do_action(Array)
#4 E:\xamp\htdocs\wocommerceevegetables\wp-admin\admin-footer.php(78): do_action('admin_footer', '')
#5 E:\xamp\htdocs\wocommerceevegetables\wp-admin\post.php(362): require_once('E:\\xamp\\htdocs\\...')
#6 {main}
  thrown in E:\xamp\htdocs\wocommerceevegetables\wp-content\plugins\we-gallery-develop\includes\views\shortcode-builder.php on line 11

2021-03-12T07:30:44+00:00 CRITICAL Uncaught Error: Call to undefined function wtgal_get_gallery_dropdown() in E:\xamp\htdocs\wocommerceevegetables\wp-content\plugins\we-gallery-develop\includes\views\shortcode-builder.php:11
Stack trace:
#0 E:\xamp\htdocs\wocommerceevegetables\wp-content\plugins\we-gallery-develop\includes\class-admin-editor.php(89): include()
#1 E:\xamp\htdocs\wocommerceevegetables\wp-includes\class-wp-hook.php(287): We_Gallery_Admin_Editor->media_thickbox_content('')
#2 E:\xamp\htdocs\wocommerceevegetables\wp-includes\class-wp-hook.php(311): WP_Hook->apply_filters(NULL, Array)
#3 E:\xamp\htdocs\wocommerceevegetables\wp-includes\plugin.php(478): WP_Hook->do_action(Array)
#4 E:\xamp\htdocs\wocommerceevegetables\wp-admin\admin-footer.php(78): do_action('admin_footer', '')
#5 E:\xamp\htdocs\wocommerceevegetables\wp-admin\post.php(362): require_once('E:\\xamp\\htdocs\\...')
#6 {main}
  thrown in E:\xamp\htdocs\wocommerceevegetables\wp-content\plugins\we-gallery-develop\includes\views\shortcode-builder.php on line 11

2021-03-12T08:27:48+00:00 CRITICAL Uncaught Error: Call to undefined function wtgal_get_gallery_dropdown() in E:\xamp\htdocs\wocommerceevegetables\wp-content\plugins\we-gallery-develop\includes\views\shortcode-builder.php:11
Stack trace:
#0 E:\xamp\htdocs\wocommerceevegetables\wp-content\plugins\we-gallery-develop\includes\class-admin-editor.php(89): include()
#1 E:\xamp\htdocs\wocommerceevegetables\wp-includes\class-wp-hook.php(287): We_Gallery_Admin_Editor->media_thickbox_content('')
#2 E:\xamp\htdocs\wocommerceevegetables\wp-includes\class-wp-hook.php(311): WP_Hook->apply_filters(NULL, Array)
#3 E:\xamp\htdocs\wocommerceevegetables\wp-includes\plugin.php(478): WP_Hook->do_action(Array)
#4 E:\xamp\htdocs\wocommerceevegetables\wp-admin\admin-footer.php(78): do_action('admin_footer', '')
#5 E:\xamp\htdocs\wocommerceevegetables\wp-admin\post.php(362): require_once('E:\\xamp\\htdocs\\...')
#6 {main}
  thrown in E:\xamp\htdocs\wocommerceevegetables\wp-content\plugins\we-gallery-develop\includes\views\shortcode-builder.php on line 11

2021-03-12T08:28:39+00:00 CRITICAL Uncaught Error: Call to undefined function wtgal_get_gallery_dropdown() in E:\xamp\htdocs\wocommerceevegetables\wp-content\plugins\we-gallery-develop\includes\views\shortcode-builder.php:11
Stack trace:
#0 E:\xamp\htdocs\wocommerceevegetables\wp-content\plugins\we-gallery-develop\includes\class-admin-editor.php(89): include()
#1 E:\xamp\htdocs\wocommerceevegetables\wp-includes\class-wp-hook.php(287): We_Gallery_Admin_Editor->media_thickbox_content('')
#2 E:\xamp\htdocs\wocommerceevegetables\wp-includes\class-wp-hook.php(311): WP_Hook->apply_filters(NULL, Array)
#3 E:\xamp\htdocs\wocommerceevegetables\wp-includes\plugin.php(478): WP_Hook->do_action(Array)
#4 E:\xamp\htdocs\wocommerceevegetables\wp-admin\admin-footer.php(78): do_action('admin_footer', '')
#5 E:\xamp\htdocs\wocommerceevegetables\wp-admin\post.php(362): require_once('E:\\xamp\\htdocs\\...')
#6 {main}
  thrown in E:\xamp\htdocs\wocommerceevegetables\wp-content\plugins\we-gallery-develop\includes\views\shortcode-builder.php on line 11

2021-03-12T08:33:25+00:00 CRITICAL Uncaught Error: Call to undefined function wtgal_get_gallery_dropdown() in E:\xamp\htdocs\wocommerceevegetables\wp-content\plugins\we-gallery-develop\includes\views\shortcode-builder.php:11
Stack trace:
#0 E:\xamp\htdocs\wocommerceevegetables\wp-content\plugins\we-gallery-develop\includes\class-admin-editor.php(89): include()
#1 E:\xamp\htdocs\wocommerceevegetables\wp-includes\class-wp-hook.php(287): We_Gallery_Admin_Editor->media_thickbox_content('')
#2 E:\xamp\htdocs\wocommerceevegetables\wp-includes\class-wp-hook.php(311): WP_Hook->apply_filters(NULL, Array)
#3 E:\xamp\htdocs\wocommerceevegetables\wp-includes\plugin.php(478): WP_Hook->do_action(Array)
#4 E:\xamp\htdocs\wocommerceevegetables\wp-admin\admin-footer.php(78): do_action('admin_footer', '')
#5 E:\xamp\htdocs\wocommerceevegetables\wp-admin\post.php(362): require_once('E:\\xamp\\htdocs\\...')
#6 {main}
  thrown in E:\xamp\htdocs\wocommerceevegetables\wp-content\plugins\we-gallery-develop\includes\views\shortcode-builder.php on line 11

2021-03-12T08:33:39+00:00 CRITICAL Uncaught Error: Call to undefined function wtgal_get_gallery_dropdown() in E:\xamp\htdocs\wocommerceevegetables\wp-content\plugins\we-gallery-develop\includes\views\shortcode-builder.php:11
Stack trace:
#0 E:\xamp\htdocs\wocommerceevegetables\wp-content\plugins\we-gallery-develop\includes\class-admin-editor.php(89): include()
#1 E:\xamp\htdocs\wocommerceevegetables\wp-includes\class-wp-hook.php(287): We_Gallery_Admin_Editor->media_thickbox_content('')
#2 E:\xamp\htdocs\wocommerceevegetables\wp-includes\class-wp-hook.php(311): WP_Hook->apply_filters(NULL, Array)
#3 E:\xamp\htdocs\wocommerceevegetables\wp-includes\plugin.php(478): WP_Hook->do_action(Array)
#4 E:\xamp\htdocs\wocommerceevegetables\wp-admin\admin-footer.php(78): do_action('admin_footer', '')
#5 E:\xamp\htdocs\wocommerceevegetables\wp-admin\post.php(362): require_once('E:\\xamp\\htdocs\\...')
#6 {main}
  thrown in E:\xamp\htdocs\wocommerceevegetables\wp-content\plugins\we-gallery-develop\includes\views\shortcode-builder.php on line 11

2021-03-12T08:34:09+00:00 CRITICAL Uncaught Error: Call to undefined function wtgal_get_gallery_dropdown() in E:\xamp\htdocs\wocommerceevegetables\wp-content\plugins\we-gallery-develop\includes\views\shortcode-builder.php:11
Stack trace:
#0 E:\xamp\htdocs\wocommerceevegetables\wp-content\plugins\we-gallery-develop\includes\class-admin-editor.php(89): include()
#1 E:\xamp\htdocs\wocommerceevegetables\wp-includes\class-wp-hook.php(287): We_Gallery_Admin_Editor->media_thickbox_content('')
#2 E:\xamp\htdocs\wocommerceevegetables\wp-includes\class-wp-hook.php(311): WP_Hook->apply_filters(NULL, Array)
#3 E:\xamp\htdocs\wocommerceevegetables\wp-includes\plugin.php(478): WP_Hook->do_action(Array)
#4 E:\xamp\htdocs\wocommerceevegetables\wp-admin\admin-footer.php(78): do_action('admin_footer', '')
#5 E:\xamp\htdocs\wocommerceevegetables\wp-admin\post.php(362): require_once('E:\\xamp\\htdocs\\...')
#6 {main}
  thrown in E:\xamp\htdocs\wocommerceevegetables\wp-content\plugins\we-gallery-develop\includes\views\shortcode-builder.php on line 11

2021-03-12T08:34:13+00:00 CRITICAL Uncaught Error: Call to undefined function wtgal_get_gallery_dropdown() in E:\xamp\htdocs\wocommerceevegetables\wp-content\plugins\we-gallery-develop\includes\views\shortcode-builder.php:11
Stack trace:
#0 E:\xamp\htdocs\wocommerceevegetables\wp-content\plugins\we-gallery-develop\includes\class-admin-editor.php(89): include()
#1 E:\xamp\htdocs\wocommerceevegetables\wp-includes\class-wp-hook.php(287): We_Gallery_Admin_Editor->media_thickbox_content('')
#2 E:\xamp\htdocs\wocommerceevegetables\wp-includes\class-wp-hook.php(311): WP_Hook->apply_filters(NULL, Array)
#3 E:\xamp\htdocs\wocommerceevegetables\wp-includes\plugin.php(478): WP_Hook->do_action(Array)
#4 E:\xamp\htdocs\wocommerceevegetables\wp-admin\admin-footer.php(78): do_action('admin_footer', '')
#5 E:\xamp\htdocs\wocommerceevegetables\wp-admin\post.php(362): require_once('E:\\xamp\\htdocs\\...')
#6 {main}
  thrown in E:\xamp\htdocs\wocommerceevegetables\wp-content\plugins\we-gallery-develop\includes\views\shortcode-builder.php on line 11

2021-03-12T08:37:30+00:00 CRITICAL Uncaught Error: Call to undefined function wtgal_get_gallery_dropdown() in E:\xamp\htdocs\wocommerceevegetables\wp-content\plugins\we-gallery-develop\includes\views\shortcode-builder.php:11
Stack trace:
#0 E:\xamp\htdocs\wocommerceevegetables\wp-content\plugins\we-gallery-develop\includes\class-admin-editor.php(89): include()
#1 E:\xamp\htdocs\wocommerceevegetables\wp-includes\class-wp-hook.php(287): We_Gallery_Admin_Editor->media_thickbox_content('')
#2 E:\xamp\htdocs\wocommerceevegetables\wp-includes\class-wp-hook.php(311): WP_Hook->apply_filters(NULL, Array)
#3 E:\xamp\htdocs\wocommerceevegetables\wp-includes\plugin.php(478): WP_Hook->do_action(Array)
#4 E:\xamp\htdocs\wocommerceevegetables\wp-admin\admin-footer.php(78): do_action('admin_footer', '')
#5 E:\xamp\htdocs\wocommerceevegetables\wp-admin\post.php(362): require_once('E:\\xamp\\htdocs\\...')
#6 {main}
  thrown in E:\xamp\htdocs\wocommerceevegetables\wp-content\plugins\we-gallery-develop\includes\views\shortcode-builder.php on line 11

2021-03-12T08:38:34+00:00 CRITICAL Uncaught Error: Call to undefined function wtgal_get_gallery_dropdown() in E:\xamp\htdocs\wocommerceevegetables\wp-content\plugins\we-gallery-develop\includes\views\shortcode-builder.php:11
Stack trace:
#0 E:\xamp\htdocs\wocommerceevegetables\wp-content\plugins\we-gallery-develop\includes\class-admin-editor.php(89): include()
#1 E:\xamp\htdocs\wocommerceevegetables\wp-includes\class-wp-hook.php(287): We_Gallery_Admin_Editor->media_thickbox_content('')
#2 E:\xamp\htdocs\wocommerceevegetables\wp-includes\class-wp-hook.php(311): WP_Hook->apply_filters(NULL, Array)
#3 E:\xamp\htdocs\wocommerceevegetables\wp-includes\plugin.php(478): WP_Hook->do_action(Array)
#4 E:\xamp\htdocs\wocommerceevegetables\wp-admin\admin-footer.php(78): do_action('admin_footer', '')
#5 E:\xamp\htdocs\wocommerceevegetables\wp-admin\post.php(362): require_once('E:\\xamp\\htdocs\\...')
#6 {main}
  thrown in E:\xamp\htdocs\wocommerceevegetables\wp-content\plugins\we-gallery-develop\includes\views\shortcode-builder.php on line 11

2021-03-12T08:39:42+00:00 CRITICAL Uncaught Error: Call to undefined function wtgal_get_gallery_dropdown() in E:\xamp\htdocs\wocommerceevegetables\wp-content\plugins\we-gallery-develop\includes\views\shortcode-builder.php:11
Stack trace:
#0 E:\xamp\htdocs\wocommerceevegetables\wp-content\plugins\we-gallery-develop\includes\class-admin-editor.php(89): include()
#1 E:\xamp\htdocs\wocommerceevegetables\wp-includes\class-wp-hook.php(287): We_Gallery_Admin_Editor->media_thickbox_content('')
#2 E:\xamp\htdocs\wocommerceevegetables\wp-includes\class-wp-hook.php(311): WP_Hook->apply_filters(NULL, Array)
#3 E:\xamp\htdocs\wocommerceevegetables\wp-includes\plugin.php(478): WP_Hook->do_action(Array)
#4 E:\xamp\htdocs\wocommerceevegetables\wp-admin\admin-footer.php(78): do_action('admin_footer', '')
#5 E:\xamp\htdocs\wocommerceevegetables\wp-admin\post.php(362): require_once('E:\\xamp\\htdocs\\...')
#6 {main}
  thrown in E:\xamp\htdocs\wocommerceevegetables\wp-content\plugins\we-gallery-develop\includes\views\shortcode-builder.php on line 11

2021-03-12T08:40:31+00:00 CRITICAL Uncaught Error: Call to undefined function wtgal_get_gallery_dropdown() in E:\xamp\htdocs\wocommerceevegetables\wp-content\plugins\we-gallery-develop\includes\views\shortcode-builder.php:11
Stack trace:
#0 E:\xamp\htdocs\wocommerceevegetables\wp-content\plugins\we-gallery-develop\includes\class-admin-editor.php(89): include()
#1 E:\xamp\htdocs\wocommerceevegetables\wp-includes\class-wp-hook.php(287): We_Gallery_Admin_Editor->media_thickbox_content('')
#2 E:\xamp\htdocs\wocommerceevegetables\wp-includes\class-wp-hook.php(311): WP_Hook->apply_filters(NULL, Array)
#3 E:\xamp\htdocs\wocommerceevegetables\wp-includes\plugin.php(478): WP_Hook->do_action(Array)
#4 E:\xamp\htdocs\wocommerceevegetables\wp-admin\admin-footer.php(78): do_action('admin_footer', '')
#5 E:\xamp\htdocs\wocommerceevegetables\wp-admin\post.php(362): require_once('E:\\xamp\\htdocs\\...')
#6 {main}
  thrown in E:\xamp\htdocs\wocommerceevegetables\wp-content\plugins\we-gallery-develop\includes\views\shortcode-builder.php on line 11

2021-03-12T08:41:06+00:00 CRITICAL Uncaught Error: Call to undefined function wtgal_get_gallery_dropdown() in E:\xamp\htdocs\wocommerceevegetables\wp-content\plugins\we-gallery-develop\includes\views\shortcode-builder.php:11
Stack trace:
#0 E:\xamp\htdocs\wocommerceevegetables\wp-content\plugins\we-gallery-develop\includes\class-admin-editor.php(89): include()
#1 E:\xamp\htdocs\wocommerceevegetables\wp-includes\class-wp-hook.php(287): We_Gallery_Admin_Editor->media_thickbox_content('')
#2 E:\xamp\htdocs\wocommerceevegetables\wp-includes\class-wp-hook.php(311): WP_Hook->apply_filters(NULL, Array)
#3 E:\xamp\htdocs\wocommerceevegetables\wp-includes\plugin.php(478): WP_Hook->do_action(Array)
#4 E:\xamp\htdocs\wocommerceevegetables\wp-admin\admin-footer.php(78): do_action('admin_footer', '')
#5 E:\xamp\htdocs\wocommerceevegetables\wp-admin\post.php(362): require_once('E:\\xamp\\htdocs\\...')
#6 {main}
  thrown in E:\xamp\htdocs\wocommerceevegetables\wp-content\plugins\we-gallery-develop\includes\views\shortcode-builder.php on line 11

2021-03-12T08:41:45+00:00 CRITICAL Uncaught Error: Call to undefined function wtgal_get_gallery_dropdown() in E:\xamp\htdocs\wocommerceevegetables\wp-content\plugins\we-gallery-develop\includes\views\shortcode-builder.php:11
Stack trace:
#0 E:\xamp\htdocs\wocommerceevegetables\wp-content\plugins\we-gallery-develop\includes\class-admin-editor.php(89): include()
#1 E:\xamp\htdocs\wocommerceevegetables\wp-includes\class-wp-hook.php(287): We_Gallery_Admin_Editor->media_thickbox_content('')
#2 E:\xamp\htdocs\wocommerceevegetables\wp-includes\class-wp-hook.php(311): WP_Hook->apply_filters(NULL, Array)
#3 E:\xamp\htdocs\wocommerceevegetables\wp-includes\plugin.php(478): WP_Hook->do_action(Array)
#4 E:\xamp\htdocs\wocommerceevegetables\wp-admin\admin-footer.php(78): do_action('admin_footer', '')
#5 E:\xamp\htdocs\wocommerceevegetables\wp-admin\post.php(362): require_once('E:\\xamp\\htdocs\\...')
#6 {main}
  thrown in E:\xamp\htdocs\wocommerceevegetables\wp-content\plugins\we-gallery-develop\includes\views\shortcode-builder.php on line 11

2021-03-12T08:41:57+00:00 CRITICAL Uncaught Error: Call to undefined function wtgal_get_gallery_dropdown() in E:\xamp\htdocs\wocommerceevegetables\wp-content\plugins\we-gallery-develop\includes\views\shortcode-builder.php:11
Stack trace:
#0 E:\xamp\htdocs\wocommerceevegetables\wp-content\plugins\we-gallery-develop\includes\class-admin-editor.php(89): include()
#1 E:\xamp\htdocs\wocommerceevegetables\wp-includes\class-wp-hook.php(287): We_Gallery_Admin_Editor->media_thickbox_content('')
#2 E:\xamp\htdocs\wocommerceevegetables\wp-includes\class-wp-hook.php(311): WP_Hook->apply_filters(NULL, Array)
#3 E:\xamp\htdocs\wocommerceevegetables\wp-includes\plugin.php(478): WP_Hook->do_action(Array)
#4 E:\xamp\htdocs\wocommerceevegetables\wp-admin\admin-footer.php(78): do_action('admin_footer', '')
#5 E:\xamp\htdocs\wocommerceevegetables\wp-admin\post.php(362): require_once('E:\\xamp\\htdocs\\...')
#6 {main}
  thrown in E:\xamp\htdocs\wocommerceevegetables\wp-content\plugins\we-gallery-develop\includes\views\shortcode-builder.php on line 11

2021-03-12T08:42:56+00:00 CRITICAL Uncaught Error: Call to undefined function wtgal_get_gallery_dropdown() in E:\xamp\htdocs\wocommerceevegetables\wp-content\plugins\we-gallery-develop\includes\views\shortcode-builder.php:11
Stack trace:
#0 E:\xamp\htdocs\wocommerceevegetables\wp-content\plugins\we-gallery-develop\includes\class-admin-editor.php(89): include()
#1 E:\xamp\htdocs\wocommerceevegetables\wp-includes\class-wp-hook.php(287): We_Gallery_Admin_Editor->media_thickbox_content('')
#2 E:\xamp\htdocs\wocommerceevegetables\wp-includes\class-wp-hook.php(311): WP_Hook->apply_filters(NULL, Array)
#3 E:\xamp\htdocs\wocommerceevegetables\wp-includes\plugin.php(478): WP_Hook->do_action(Array)
#4 E:\xamp\htdocs\wocommerceevegetables\wp-admin\admin-footer.php(78): do_action('admin_footer', '')
#5 E:\xamp\htdocs\wocommerceevegetables\wp-admin\post.php(362): require_once('E:\\xamp\\htdocs\\...')
#6 {main}
  thrown in E:\xamp\htdocs\wocommerceevegetables\wp-content\plugins\we-gallery-develop\includes\views\shortcode-builder.php on line 11

2021-03-12T08:43:20+00:00 CRITICAL Uncaught Error: Call to undefined function wtgal_get_gallery_dropdown() in E:\xamp\htdocs\wocommerceevegetables\wp-content\plugins\we-gallery-develop\includes\views\shortcode-builder.php:11
Stack trace:
#0 E:\xamp\htdocs\wocommerceevegetables\wp-content\plugins\we-gallery-develop\includes\class-admin-editor.php(89): include()
#1 E:\xamp\htdocs\wocommerceevegetables\wp-includes\class-wp-hook.php(287): We_Gallery_Admin_Editor->media_thickbox_content('')
#2 E:\xamp\htdocs\wocommerceevegetables\wp-includes\class-wp-hook.php(311): WP_Hook->apply_filters(NULL, Array)
#3 E:\xamp\htdocs\wocommerceevegetables\wp-includes\plugin.php(478): WP_Hook->do_action(Array)
#4 E:\xamp\htdocs\wocommerceevegetables\wp-admin\admin-footer.php(78): do_action('admin_footer', '')
#5 E:\xamp\htdocs\wocommerceevegetables\wp-admin\post.php(362): require_once('E:\\xamp\\htdocs\\...')
#6 {main}
  thrown in E:\xamp\htdocs\wocommerceevegetables\wp-content\plugins\we-gallery-develop\includes\views\shortcode-builder.php on line 11

2021-03-12T08:43:42+00:00 CRITICAL Uncaught Error: Call to undefined function wtgal_get_gallery_dropdown() in E:\xamp\htdocs\wocommerceevegetables\wp-content\plugins\we-gallery-develop\includes\views\shortcode-builder.php:11
Stack trace:
#0 E:\xamp\htdocs\wocommerceevegetables\wp-content\plugins\we-gallery-develop\includes\class-admin-editor.php(89): include()
#1 E:\xamp\htdocs\wocommerceevegetables\wp-includes\class-wp-hook.php(287): We_Gallery_Admin_Editor->media_thickbox_content('')
#2 E:\xamp\htdocs\wocommerceevegetables\wp-includes\class-wp-hook.php(311): WP_Hook->apply_filters(NULL, Array)
#3 E:\xamp\htdocs\wocommerceevegetables\wp-includes\plugin.php(478): WP_Hook->do_action(Array)
#4 E:\xamp\htdocs\wocommerceevegetables\wp-admin\admin-footer.php(78): do_action('admin_footer', '')
#5 E:\xamp\htdocs\wocommerceevegetables\wp-admin\post.php(362): require_once('E:\\xamp\\htdocs\\...')
#6 {main}
  thrown in E:\xamp\htdocs\wocommerceevegetables\wp-content\plugins\we-gallery-develop\includes\views\shortcode-builder.php on line 11

2021-03-12T08:49:08+00:00 CRITICAL Uncaught Error: Call to undefined function wtgal_get_gallery_dropdown() in E:\xamp\htdocs\wocommerceevegetables\wp-content\plugins\we-gallery-develop\includes\views\shortcode-builder.php:11
Stack trace:
#0 E:\xamp\htdocs\wocommerceevegetables\wp-content\plugins\we-gallery-develop\includes\class-admin-editor.php(89): include()
#1 E:\xamp\htdocs\wocommerceevegetables\wp-includes\class-wp-hook.php(287): We_Gallery_Admin_Editor->media_thickbox_content('')
#2 E:\xamp\htdocs\wocommerceevegetables\wp-includes\class-wp-hook.php(311): WP_Hook->apply_filters(NULL, Array)
#3 E:\xamp\htdocs\wocommerceevegetables\wp-includes\plugin.php(478): WP_Hook->do_action(Array)
#4 E:\xamp\htdocs\wocommerceevegetables\wp-admin\admin-footer.php(78): do_action('admin_footer', '')
#5 E:\xamp\htdocs\wocommerceevegetables\wp-admin\post.php(362): require_once('E:\\xamp\\htdocs\\...')
#6 {main}
  thrown in E:\xamp\htdocs\wocommerceevegetables\wp-content\plugins\we-gallery-develop\includes\views\shortcode-builder.php on line 11

2021-03-12T08:50:04+00:00 CRITICAL Uncaught Error: Call to undefined function wtgal_get_gallery_dropdown() in E:\xamp\htdocs\wocommerceevegetables\wp-content\plugins\we-gallery-develop\includes\views\shortcode-builder.php:11
Stack trace:
#0 E:\xamp\htdocs\wocommerceevegetables\wp-content\plugins\we-gallery-develop\includes\class-admin-editor.php(89): include()
#1 E:\xamp\htdocs\wocommerceevegetables\wp-includes\class-wp-hook.php(287): We_Gallery_Admin_Editor->media_thickbox_content('')
#2 E:\xamp\htdocs\wocommerceevegetables\wp-includes\class-wp-hook.php(311): WP_Hook->apply_filters(NULL, Array)
#3 E:\xamp\htdocs\wocommerceevegetables\wp-includes\plugin.php(478): WP_Hook->do_action(Array)
#4 E:\xamp\htdocs\wocommerceevegetables\wp-admin\admin-footer.php(78): do_action('admin_footer', '')
#5 E:\xamp\htdocs\wocommerceevegetables\wp-admin\post.php(362): require_once('E:\\xamp\\htdocs\\...')
#6 {main}
  thrown in E:\xamp\htdocs\wocommerceevegetables\wp-content\plugins\we-gallery-develop\includes\views\shortcode-builder.php on line 11

2021-03-12T10:28:19+00:00 CRITICAL syntax error, unexpected 'endif' (T_ENDIF), expecting end of file in E:\xamp\htdocs\wocommerceevegetables\wp-content\themes\woocommerce-theming-master\woocommerce\single-product\add-to-cart\variable.php on line 54

2021-03-12T10:34:52+00:00 CRITICAL syntax error, unexpected '<', expecting end of file in E:\xamp\htdocs\wocommerceevegetables\wp-content\themes\xpent\woocommerce\single-product.php on line 196

2021-03-12T10:49:38+00:00 CRITICAL Uncaught Error: Call to undefined function wtgal_get_gallery_dropdown() in E:\xamp\htdocs\wocommerceevegetables\wp-content\plugins\we-gallery-develop\includes\views\shortcode-builder.php:11
Stack trace:
#0 E:\xamp\htdocs\wocommerceevegetables\wp-content\plugins\we-gallery-develop\includes\class-admin-editor.php(89): include()
#1 E:\xamp\htdocs\wocommerceevegetables\wp-includes\class-wp-hook.php(287): We_Gallery_Admin_Editor->media_thickbox_content('')
#2 E:\xamp\htdocs\wocommerceevegetables\wp-includes\class-wp-hook.php(311): WP_Hook->apply_filters(NULL, Array)
#3 E:\xamp\htdocs\wocommerceevegetables\wp-includes\plugin.php(478): WP_Hook->do_action(Array)
#4 E:\xamp\htdocs\wocommerceevegetables\wp-admin\admin-footer.php(78): do_action('admin_footer', '')
#5 E:\xamp\htdocs\wocommerceevegetables\wp-admin\post.php(362): require_once('E:\\xamp\\htdocs\\...')
#6 {main}
  thrown in E:\xamp\htdocs\wocommerceevegetables\wp-content\plugins\we-gallery-develop\includes\views\shortcode-builder.php on line 11

2021-03-12T10:49:55+00:00 CRITICAL Uncaught Error: Call to undefined function wtgal_get_gallery_dropdown() in E:\xamp\htdocs\wocommerceevegetables\wp-content\plugins\we-gallery-develop\includes\views\shortcode-builder.php:11
Stack trace:
#0 E:\xamp\htdocs\wocommerceevegetables\wp-content\plugins\we-gallery-develop\includes\class-admin-editor.php(89): include()
#1 E:\xamp\htdocs\wocommerceevegetables\wp-includes\class-wp-hook.php(287): We_Gallery_Admin_Editor->media_thickbox_content('')
#2 E:\xamp\htdocs\wocommerceevegetables\wp-includes\class-wp-hook.php(311): WP_Hook->apply_filters(NULL, Array)
#3 E:\xamp\htdocs\wocommerceevegetables\wp-includes\plugin.php(478): WP_Hook->do_action(Array)
#4 E:\xamp\htdocs\wocommerceevegetables\wp-admin\admin-footer.php(78): do_action('admin_footer', '')
#5 E:\xamp\htdocs\wocommerceevegetables\wp-admin\post.php(362): require_once('E:\\xamp\\htdocs\\...')
#6 {main}
  thrown in E:\xamp\htdocs\wocommerceevegetables\wp-content\plugins\we-gallery-develop\includes\views\shortcode-builder.php on line 11

2021-03-12T10:51:38+00:00 CRITICAL Uncaught Error: Call to undefined function wtgal_get_gallery_dropdown() in E:\xamp\htdocs\wocommerceevegetables\wp-content\plugins\we-gallery-develop\includes\views\shortcode-builder.php:11
Stack trace:
#0 E:\xamp\htdocs\wocommerceevegetables\wp-content\plugins\we-gallery-develop\includes\class-admin-editor.php(89): include()
#1 E:\xamp\htdocs\wocommerceevegetables\wp-includes\class-wp-hook.php(287): We_Gallery_Admin_Editor->media_thickbox_content('')
#2 E:\xamp\htdocs\wocommerceevegetables\wp-includes\class-wp-hook.php(311): WP_Hook->apply_filters(NULL, Array)
#3 E:\xamp\htdocs\wocommerceevegetables\wp-includes\plugin.php(478): WP_Hook->do_action(Array)
#4 E:\xamp\htdocs\wocommerceevegetables\wp-admin\admin-footer.php(78): do_action('admin_footer', '')
#5 E:\xamp\htdocs\wocommerceevegetables\wp-admin\post.php(362): require_once('E:\\xamp\\htdocs\\...')
#6 {main}
  thrown in E:\xamp\htdocs\wocommerceevegetables\wp-content\plugins\we-gallery-develop\includes\views\shortcode-builder.php on line 11

2021-03-12T10:51:53+00:00 CRITICAL Uncaught Error: Call to undefined function wtgal_get_gallery_dropdown() in E:\xamp\htdocs\wocommerceevegetables\wp-content\plugins\we-gallery-develop\includes\views\shortcode-builder.php:11
Stack trace:
#0 E:\xamp\htdocs\wocommerceevegetables\wp-content\plugins\we-gallery-develop\includes\class-admin-editor.php(89): include()
#1 E:\xamp\htdocs\wocommerceevegetables\wp-includes\class-wp-hook.php(287): We_Gallery_Admin_Editor->media_thickbox_content('')
#2 E:\xamp\htdocs\wocommerceevegetables\wp-includes\class-wp-hook.php(311): WP_Hook->apply_filters(NULL, Array)
#3 E:\xamp\htdocs\wocommerceevegetables\wp-includes\plugin.php(478): WP_Hook->do_action(Array)
#4 E:\xamp\htdocs\wocommerceevegetables\wp-admin\admin-footer.php(78): do_action('admin_footer', '')
#5 E:\xamp\htdocs\wocommerceevegetables\wp-admin\post.php(362): require_once('E:\\xamp\\htdocs\\...')
#6 {main}
  thrown in E:\xamp\htdocs\wocommerceevegetables\wp-content\plugins\we-gallery-develop\includes\views\shortcode-builder.php on line 11

2021-03-12T11:18:53+00:00 CRITICAL Uncaught Error: Call to undefined function wtgal_get_gallery_dropdown() in E:\xamp\htdocs\wocommerceevegetables\wp-content\plugins\we-gallery-develop\includes\views\shortcode-builder.php:11
Stack trace:
#0 E:\xamp\htdocs\wocommerceevegetables\wp-content\plugins\we-gallery-develop\includes\class-admin-editor.php(89): include()
#1 E:\xamp\htdocs\wocommerceevegetables\wp-includes\class-wp-hook.php(287): We_Gallery_Admin_Editor->media_thickbox_content('')
#2 E:\xamp\htdocs\wocommerceevegetables\wp-includes\class-wp-hook.php(311): WP_Hook->apply_filters(NULL, Array)
#3 E:\xamp\htdocs\wocommerceevegetables\wp-includes\plugin.php(478): WP_Hook->do_action(Array)
#4 E:\xamp\htdocs\wocommerceevegetables\wp-admin\admin-footer.php(78): do_action('admin_footer', '')
#5 E:\xamp\htdocs\wocommerceevegetables\wp-admin\post.php(362): require_once('E:\\xamp\\htdocs\\...')
#6 {main}
  thrown in E:\xamp\htdocs\wocommerceevegetables\wp-content\plugins\we-gallery-develop\includes\views\shortcode-builder.php on line 11

2021-03-12T11:19:39+00:00 CRITICAL Uncaught Error: Call to undefined function wtgal_get_gallery_dropdown() in E:\xamp\htdocs\wocommerceevegetables\wp-content\plugins\we-gallery-develop\includes\views\shortcode-builder.php:11
Stack trace:
#0 E:\xamp\htdocs\wocommerceevegetables\wp-content\plugins\we-gallery-develop\includes\class-admin-editor.php(89): include()
#1 E:\xamp\htdocs\wocommerceevegetables\wp-includes\class-wp-hook.php(287): We_Gallery_Admin_Editor->media_thickbox_content('')
#2 E:\xamp\htdocs\wocommerceevegetables\wp-includes\class-wp-hook.php(311): WP_Hook->apply_filters(NULL, Array)
#3 E:\xamp\htdocs\wocommerceevegetables\wp-includes\plugin.php(478): WP_Hook->do_action(Array)
#4 E:\xamp\htdocs\wocommerceevegetables\wp-admin\admin-footer.php(78): do_action('admin_footer', '')
#5 E:\xamp\htdocs\wocommerceevegetables\wp-admin\post.php(362): require_once('E:\\xamp\\htdocs\\...')
#6 {main}
  thrown in E:\xamp\htdocs\wocommerceevegetables\wp-content\plugins\we-gallery-develop\includes\views\shortcode-builder.php on line 11

2021-03-12T11:47:25+00:00 CRITICAL Uncaught Error: Call to undefined function wtgal_get_gallery_dropdown() in E:\xamp\htdocs\wocommerceevegetables\wp-content\plugins\we-gallery-develop\includes\views\shortcode-builder.php:11
Stack trace:
#0 E:\xamp\htdocs\wocommerceevegetables\wp-content\plugins\we-gallery-develop\includes\class-admin-editor.php(89): include()
#1 E:\xamp\htdocs\wocommerceevegetables\wp-includes\class-wp-hook.php(287): We_Gallery_Admin_Editor->media_thickbox_content('')
#2 E:\xamp\htdocs\wocommerceevegetables\wp-includes\class-wp-hook.php(311): WP_Hook->apply_filters(NULL, Array)
#3 E:\xamp\htdocs\wocommerceevegetables\wp-includes\plugin.php(478): WP_Hook->do_action(Array)
#4 E:\xamp\htdocs\wocommerceevegetables\wp-admin\admin-footer.php(78): do_action('admin_footer', '')
#5 E:\xamp\htdocs\wocommerceevegetables\wp-admin\post.php(362): require_once('E:\\xamp\\htdocs\\...')
#6 {main}
  thrown in E:\xamp\htdocs\wocommerceevegetables\wp-content\plugins\we-gallery-develop\includes\views\shortcode-builder.php on line 11

2021-03-12T11:47:25+00:00 CRITICAL Uncaught Error: Call to undefined function wtgal_get_gallery_dropdown() in E:\xamp\htdocs\wocommerceevegetables\wp-content\plugins\we-gallery-develop\includes\views\shortcode-builder.php:11
Stack trace:
#0 E:\xamp\htdocs\wocommerceevegetables\wp-content\plugins\we-gallery-develop\includes\class-admin-editor.php(89): include()
#1 E:\xamp\htdocs\wocommerceevegetables\wp-includes\class-wp-hook.php(287): We_Gallery_Admin_Editor->media_thickbox_content('')
#2 E:\xamp\htdocs\wocommerceevegetables\wp-includes\class-wp-hook.php(311): WP_Hook->apply_filters(NULL, Array)
#3 E:\xamp\htdocs\wocommerceevegetables\wp-includes\plugin.php(478): WP_Hook->do_action(Array)
#4 E:\xamp\htdocs\wocommerceevegetables\wp-admin\admin-footer.php(78): do_action('admin_footer', '')
#5 E:\xamp\htdocs\wocommerceevegetables\wp-admin\post.php(362): require_once('E:\\xamp\\htdocs\\...')
#6 {main}
  thrown in E:\xamp\htdocs\wocommerceevegetables\wp-content\plugins\we-gallery-develop\includes\views\shortcode-builder.php on line 11

2021-03-12T11:48:12+00:00 CRITICAL Uncaught Error: Call to undefined function wtgal_get_gallery_dropdown() in E:\xamp\htdocs\wocommerceevegetables\wp-content\plugins\we-gallery-develop\includes\views\shortcode-builder.php:11
Stack trace:
#0 E:\xamp\htdocs\wocommerceevegetables\wp-content\plugins\we-gallery-develop\includes\class-admin-editor.php(89): include()
#1 E:\xamp\htdocs\wocommerceevegetables\wp-includes\class-wp-hook.php(287): We_Gallery_Admin_Editor->media_thickbox_content('')
#2 E:\xamp\htdocs\wocommerceevegetables\wp-includes\class-wp-hook.php(311): WP_Hook->apply_filters(NULL, Array)
#3 E:\xamp\htdocs\wocommerceevegetables\wp-includes\plugin.php(478): WP_Hook->do_action(Array)
#4 E:\xamp\htdocs\wocommerceevegetables\wp-admin\admin-footer.php(78): do_action('admin_footer', '')
#5 E:\xamp\htdocs\wocommerceevegetables\wp-admin\post.php(362): require_once('E:\\xamp\\htdocs\\...')
#6 {main}
  thrown in E:\xamp\htdocs\wocommerceevegetables\wp-content\plugins\we-gallery-develop\includes\views\shortcode-builder.php on line 11

2021-03-12T11:51:25+00:00 CRITICAL Cannot redeclare simple_bootstrap_theme_load_wp_customizer() (previously declared in E:\xamp\htdocs\wocommerceevegetables\wp-content\themes\woo\functions.php:98) in E:\xamp\htdocs\wocommerceevegetables\wp-content\themes\xpent\functions.php on line 664

2021-03-12T12:11:30+00:00 CRITICAL Uncaught Error: Call to undefined function wtgal_get_gallery_dropdown() in E:\xamp\htdocs\wocommerceevegetables\wp-content\plugins\we-gallery-develop\includes\views\shortcode-builder.php:11
Stack trace:
#0 E:\xamp\htdocs\wocommerceevegetables\wp-content\plugins\we-gallery-develop\includes\class-admin-editor.php(89): include()
#1 E:\xamp\htdocs\wocommerceevegetables\wp-includes\class-wp-hook.php(287): We_Gallery_Admin_Editor->media_thickbox_content('')
#2 E:\xamp\htdocs\wocommerceevegetables\wp-includes\class-wp-hook.php(311): WP_Hook->apply_filters(NULL, Array)
#3 E:\xamp\htdocs\wocommerceevegetables\wp-includes\plugin.php(478): WP_Hook->do_action(Array)
#4 E:\xamp\htdocs\wocommerceevegetables\wp-admin\admin-footer.php(78): do_action('admin_footer', '')
#5 E:\xamp\htdocs\wocommerceevegetables\wp-admin\post.php(362): require_once('E:\\xamp\\htdocs\\...')
#6 {main}
  thrown in E:\xamp\htdocs\wocommerceevegetables\wp-content\plugins\we-gallery-develop\includes\views\shortcode-builder.php on line 11

